#-----------------------------------------------------------
# Vivado v2020.1 (64-bit)
# SW Build 2902540 on Wed May 27 19:54:49 MDT 2020
# IP Build 2902112 on Wed May 27 22:43:36 MDT 2020
# Start of session at: Tue Mar  8 16:31:33 2022
# Process ID: 11336
# Current directory: D:/Documents/xskapi01/digital-electronics-1/Labs/04-segment/project_1
# Command line: vivado.exe -gui_launcher_event rodinguilauncherevent10024 D:\Documents\xskapi01\digital-electronics-1\Labs\04-segment\project_1\project_1.xpr
# Log file: D:/Documents/xskapi01/digital-electronics-1/Labs/04-segment/project_1/vivado.log
# Journal file: D:/Documents/xskapi01/digital-electronics-1/Labs/04-segment/project_1\vivado.jou
#-----------------------------------------------------------
start_gui
open_project D:/Documents/xskapi01/digital-electronics-1/Labs/04-segment/project_1/project_1.xpr
Scanning sources...
Finished scanning sources
INFO: [IP_Flow 19-234] Refreshing IP repositories
INFO: [IP_Flow 19-1704] No user IP repositories specified
INFO: [IP_Flow 19-2313] Loaded Vivado IP repository 'C:/APPZ/Xilinx/Vivado/2020.1/data/ip'.
open_project: Time (s): cpu = 00:00:13 ; elapsed = 00:00:07 . Memory (MB): peak = 1022.691 ; gain = 0.000
update_compile_order -fileset sources_1
exit
INFO: [Common 17-206] Exiting Vivado at Tue Mar  8 16:32:01 2022...
